The system is: Linux - sh: 0: getcwd() failed: No such file or directory
4.4.0-18362-Microsoft - sh: 0: getcwd() failed: No such file or directory
x86_64
Determining if the C compiler works passed with the following output:
Change Dir: /home/navi/repository/gochat/build/CMakeFiles/CMakeTmp

Run Build Command:"/usr/bin/make" "cmTC_dc521/fast"
/usr/bin/make -f CMakeFiles/cmTC_dc521.dir/build.make CMakeFiles/cmTC_dc521.dir/build
make[1]: Entering directory '/home/navi/repository/gochat/build/CMakeFiles/CMakeTmp'
Building C object CMakeFiles/cmTC_dc521.dir/testCCompiler.c.o
/usr/bin/cc    -o CMakeFiles/cmTC_dc521.dir/testCCompiler.c.o   -c /home/navi/repository/gochat/build/CMakeFiles/CMakeTmp/testCCompiler.c
Linking C executable cmTC_dc521
/usr/bin/cmake -E cmake_link_script CMakeFiles/cmTC_dc521.dir/link.txt --verbose=1
/usr/bin/cc      CMakeFiles/cmTC_dc521.dir/testCCompiler.c.o  -o cmTC_dc521 
make[1]: Leaving directory '/home/navi/repository/gochat/build/CMakeFiles/CMakeTmp'


Detecting C compiler ABI info compiled with the following output:
Change Dir: /home/navi/repository/gochat/build/CMakeFiles/CMakeTmp

Run Build Command:"/usr/bin/make" "cmTC_69b2b/fast"
/usr/bin/make -f CMakeFiles/cmTC_69b2b.dir/build.make CMakeFiles/cmTC_69b2b.dir/build
make[1]: Entering directory '/home/navi/repository/gochat/build/CMakeFiles/CMakeTmp'
Building C object CMakeFiles/cmTC_69b2b.dir/CMakeCCompilerABI.c.o
/usr/bin/cc    -o CMakeFiles/cmTC_69b2b.dir/CMakeCCompilerABI.c.o   -c /usr/share/cmake-3.10/Modules/CMakeCCompilerABI.c
Linking C executable cmTC_69b2b
/usr/bin/cmake -E cmake_link_script CMakeFiles/cmTC_69b2b.dir/link.txt --verbose=1
/usr/bin/cc      CMakeFiles/cmTC_69b2b.dir/CMakeCCompilerABI.c.o  -o cmTC_69b2b 
make[1]: Leaving directory '/home/navi/repository/gochat/build/CMakeFiles/CMakeTmp'


Determining if the CXX compiler works passed with the following output:
Change Dir: /home/navi/repository/gochat/build/CMakeFiles/CMakeTmp

Run Build Command:"/usr/bin/make" "cmTC_5813b/fast"
/usr/bin/make -f CMakeFiles/cmTC_5813b.dir/build.make CMakeFiles/cmTC_5813b.dir/build
make[1]: Entering directory '/home/navi/repository/gochat/build/CMakeFiles/CMakeTmp'
Building CXX object CMakeFiles/cmTC_5813b.dir/testCXXCompiler.cxx.o
/usr/bin/c++     -o CMakeFiles/cmTC_5813b.dir/testCXXCompiler.cxx.o -c /home/navi/repository/gochat/build/CMakeFiles/CMakeTmp/testCXXCompiler.cxx
Linking CXX executable cmTC_5813b
/usr/bin/cmake -E cmake_link_script CMakeFiles/cmTC_5813b.dir/link.txt --verbose=1
/usr/bin/c++       CMakeFiles/cmTC_5813b.dir/testCXXCompiler.cxx.o  -o cmTC_5813b 
make[1]: Leaving directory '/home/navi/repository/gochat/build/CMakeFiles/CMakeTmp'


Detecting CXX compiler ABI info compiled with the following output:
Change Dir: /home/navi/repository/gochat/build/CMakeFiles/CMakeTmp

Run Build Command:"/usr/bin/make" "cmTC_49b1a/fast"
/usr/bin/make -f CMakeFiles/cmTC_49b1a.dir/build.make CMakeFiles/cmTC_49b1a.dir/build
make[1]: Entering directory '/home/navi/repository/gochat/build/CMakeFiles/CMakeTmp'
Building CXX object CMakeFiles/cmTC_49b1a.dir/CMakeCXXCompilerABI.cpp.o
/usr/bin/c++     -o CMakeFiles/cmTC_49b1a.dir/CMakeCXXCompilerABI.cpp.o -c /usr/share/cmake-3.10/Modules/CMakeCXXCompilerABI.cpp
Linking CXX executable cmTC_49b1a
/usr/bin/cmake -E cmake_link_script CMakeFiles/cmTC_49b1a.dir/link.txt --verbose=1
/usr/bin/c++       CMakeFiles/cmTC_49b1a.dir/CMakeCXXCompilerABI.cpp.o  -o cmTC_49b1a 
make[1]: Leaving directory '/home/navi/repository/gochat/build/CMakeFiles/CMakeTmp'


